SZ300418: 昆仑万维: 7.3746
SZ002182: 云海金属: 9.7349
SZ002605: 姚记科技: 16.057
SH603568: 伟明环保: 7.7842
SZ002833: 弘亚数控: 16.8429
SZ002925: 盈趣科技: 8.6916
SH603707: 健友股份: 8.0595
SZ300686: 智动力: 11.4489
SH600598: 北大荒: 15.1406
SZ300726: 宏达电子: 7.587199999999999
SZ002127: 南极电商: 7.1876999999999995
SZ300113: 顺网科技: 15.9014
SZ002624: 完美世界: 10.7476
SH601012: 隆基股份: 10.8408
SZ300327: 中颖电子: 12.9851
SZ002878: 元隆雅图: 27.2293
SZ300724: 捷佳伟创: 20.7558
SH603129: 春风动力: 14.8375
SH603730: 岱美股份: 12.261700000000001
SH600387: 海越能源: 13.7684
SZ000810: 创维数字: 16.3149
SZ002402: 和而泰: 7.1735
SZ002174: 游族网络: 16.942500000000003
SH600438: 通威股份: 13.709400000000002
SH600183: 生益科技: 11.9462
SH600546: 山煤国际: 18.250999999999998
SZ002236: 大华股份: 10.6191
SZ002763: 汇洁股份: 7.3161999999999985
SZ002705: 新宝股份: 13.8781
SH600389: 江山股份: 8.0437
SZ002838: 道恩股份: 10.2379
SZ002050: 三花智控: 10.7696
SH601865: 福莱特: 10.4373
SH603700: 宁波水表: 7.6376
SH600136: 当代明诚: 12.216000000000001
SZ300132: 青松股份: 14.5643
SH603279: 景津环保: 13.4487
SZ300413: 芒果超媒: 13.6724
SZ300476: 胜宏科技: 15.7211
SH600738: 兰州民百: 9.0586
SZ300043: 星辉娱乐: 13.2588
SH603326: 我乐家居: 9.7829
SZ002815: 崇达技术: 8.1085
SZ002587: 奥拓电子: 8.1294
SH600511: 国药股份: 8.9619
SZ300590: 移为通信: 8.6299
SH600053: 九鼎投资: 16.358999999999998
SH600871: 石化油服: 9.918
SH600419: 天润乳业: 11.8522
SH601567: 三星医疗: 8.9091
SH600984: 建设机械: 9.3087
