SZ300571: 平治信息: 11.956199999999999
SH600319: 亚星化学: 9.905899999999999
SH603160: 汇顶科技: 13.0283
SZ002605: 姚记科技: 20.8601
SZ002916: 深南电路: 10.103699999999998
SH600802: 福建水泥: 16.0154
SZ002803: 吉宏股份: 13.3829
SZ002653: 海思科: 8.175699999999999
SZ002475: 立讯精密: 9.719000000000001
SZ002601: 龙蟒佰利: 10.2823
SH600872: 中炬高新: 8.894400000000001
SZ300751: 迈为股份: 11.7148
SZ300113: 顺网科技: 9.5282
SH601058: 赛轮轮胎: 9.8745
SH600745: 闻泰科技: 9.7383
SZ000034: 神州数码: 13.053899999999999
SZ300303: 聚飞光电: 8.893199999999998
SH603700: 宁波水表: 10.355699999999999
SH603666: 亿嘉和: 9.4894
SZ300476: 胜宏科技: 8.1587
SZ002116: 中国海诚: 11.4396
SZ300590: 移为通信: 8.6572
SH601677: 明泰铝业: 8.790000000000001
SH603839: 安正时尚: 14.977
SZ002641: 永高股份: 11.580399999999997
SZ002940: 昂利康: 11.5697
