SZ002605: 姚记科技: 10.416
SH603568: 伟明环保: 7.8246
SZ300572: 安车检测: 7.536899999999999
SZ002833: 弘亚数控: 10.783100000000001
SZ002925: 盈趣科技: 7.227799999999999
SH603707: 健友股份: 9.6005
SZ300146: 汤臣倍健: 9.0606
SZ002942: 新农股份: 7.6278
SH600598: 北大荒: 11.308800000000002
SZ002127: 南极电商: 10.8241
SZ300113: 顺网科技: 12.6948
SZ002624: 完美世界: 12.7301
SH601012: 隆基股份: 7.9422999999999995
SZ300327: 中颖电子: 12.2251
SH600070: 浙江富润: 7.6239
SZ002878: 元隆雅图: 30.0294
SZ300724: 捷佳伟创: 12.6485
SH603129: 春风动力: 17.0867
SZ000810: 创维数字: 12.9177
SZ002174: 游族网络: 12.161999999999999
SH600438: 通威股份: 9.7117
SH600183: 生益科技: 10.1242
SH603313: 梦百合: 7.0066999999999995
SH600546: 山煤国际: 16.9208
SZ002236: 大华股份: 7.8089
SZ002763: 汇洁股份: 10.0504
SZ002705: 新宝股份: 11.0228
SZ002801: 微光股份: 7.1921
SZ002728: 特一药业: 10.7212
SH603679: 华体科技: 7.2078
SZ000921: 海信家电: 8.3213
SH600136: 当代明诚: 8.5862
SZ300132: 青松股份: 18.084799999999998
SH603279: 景津环保: 13.671800000000001
SZ300413: 芒果超媒: 12.9588
SZ300476: 胜宏科技: 8.9768
SH600738: 兰州民百: 10.661999999999999
SZ300043: 星辉娱乐: 7.458399999999999
SH600511: 国药股份: 7.0868
SH600053: 九鼎投资: 29.9902
SH600871: 石化油服: 7.9182999999999995
SH600419: 天润乳业: 11.8522
SH601567: 三星医疗: 8.8742
SH600984: 建设机械: 8.5822
