SZ300418: 昆仑万维: 10.126700000000001
SZ002182: 云海金属: 8.9375
SZ002605: 姚记科技: 19.355600000000003
SZ002833: 弘亚数控: 11.1234
SZ002925: 盈趣科技: 15.282800000000002
SZ300498: 温氏股份: 11.1542
SZ300686: 智动力: 11.0249
SH600598: 北大荒: 14.123000000000001
SZ300463: 迈克生物: 8.3117
SH600070: 浙江富润: 15.9904
SZ002878: 元隆雅图: 18.0182
SZ300724: 捷佳伟创: 25.5038
SH603730: 岱美股份: 9.2905
SH600387: 海越能源: 9.371699999999999
SZ000810: 创维数字: 16.2852
SZ002174: 游族网络: 14.7148
SH600546: 山煤国际: 26.507800000000003
SZ002705: 新宝股份: 9.8631
SZ300130: 新国都: 12.161200000000001
SZ002838: 道恩股份: 8.781
SH603600: 永艺股份: 10.8498
SH603516: 淳中科技: 13.902800000000001
SH600455: 博通股份: 9.7662
SH601865: 福莱特: 15.5212
SZ002701: 奥瑞金: 8.1436
SH600136: 当代明诚: 12.417
SH603279: 景津环保: 11.827
SZ300476: 胜宏科技: 8.0821
SH600738: 兰州民百: 8.7482
SZ300043: 星辉娱乐: 17.3607
SH603186: 华正新材: 11.217099999999999
SZ000997: 新大陆: 13.6634
SH600053: 九鼎投资: 12.7452
SH600419: 天润乳业: 11.8522
SH601567: 三星医疗: 9.957
