SZ300571: 平治信息: 11.956199999999999
SH603160: 汇顶科技: 22.2012
SZ300702: 天宇股份: 8.242899999999999
SZ002605: 姚记科技: 26.6714
SZ002901: 大博医疗: 11.255500000000001
SZ002916: 深南电路: 13.5702
SH600217: 中再资环: 9.0384
SH600802: 福建水泥: 21.3819
SZ300632: 光莆股份: 9.781099999999999
SZ002803: 吉宏股份: 13.8854
SZ002653: 海思科: 10.8682
SZ002878: 元隆雅图: 22.524
SZ300396: 迪瑞医疗: 8.5616
SH600745: 闻泰科技: 13.706900000000001
SZ300723: 一品红: 11.0937
SZ002909: 集泰股份: 12.0643
SH603700: 宁波水表: 10.7009
SZ002091: 江苏国泰: 9.5123
SZ300684: 中石科技: 12.384200000000002
SZ002641: 永高股份: 28.3298
SZ002940: 昂利康: 11.762699999999999
