SZ300417: 南华仪器: 13.0939
SH603360: 百傲化学: 8.463000000000001
SZ002605: 姚记科技: 20.4518
SH600346: 恒力石化: 8.4205
SZ300357: 我武生物: 10.1915
SH603369: 今世缘: 8.3964
SH600802: 福建水泥: 12.9081
SZ300632: 光莆股份: 12.3729
SZ300236: 上海新阳: 9.633099999999999
SZ002463: 沪电股份: 9.3174
SZ000885: 城发环境: 11.1267
SH603327: 福蓉科技: 14.4642
SZ002626: 金达威: 10.2181
SZ002653: 海思科: 8.8442
SZ000403: 振兴生化: 8.205400000000001
SZ300602: 飞荣达: 8.6425
SH603707: 健友股份: 11.311
SZ002860: 星帅尔: 8.0267
SZ002475: 立讯精密: 10.7884
SH603587: 地素时尚: 8.5536
SZ002601: 龙蟒佰利: 10.9295
SZ300322: 硕贝德: 10.2578
SZ002396: 星网锐捷: 9.4026
SZ300699: 光威复材: 11.7446
SZ002878: 元隆雅图: 22.1535
SH603960: 克来机电: 8.9699
SZ300422: 博世科: 9.5254
SZ300584: 海辰药业: 10.073
SZ000034: 神州数码: 8.6098
SZ300723: 一品红: 12.4353
SZ300755: 华致酒行: 11.020299999999999
SZ002557: 洽洽食品: 9.1121
SZ300570: 太辰光: 13.546899999999999
SH600305: 恒顺醋业: 9.8673
SZ300590: 移为通信: 9.192
SZ300502: 新易盛: 9.5831
SZ300684: 中石科技: 18.0884
SZ002641: 永高股份: 30.082
SZ002940: 昂利康: 11.341000000000001
