SH600052: 浙江广厦: 10.8906
SZ002605: 姚记科技: 23.7588
SZ300487: 蓝晓科技: 9.0981
SZ000885: 城发环境: 10.2307
SZ300559: 佳发教育: 12.691799999999999
SZ300662: 科锐国际: 9.2974
SZ002043: 兔宝宝: 11.075899999999999
SZ300415: 伊之密: 8.0944
SH600070: 浙江富润: 12.015900000000002
SH603583: 捷昌驱动: 9.2643
SH600546: 山煤国际: 18.3424
SZ300422: 博世科: 8.3035
SZ300130: 新国都: 13.6235
SH603516: 淳中科技: 13.1974
SH600455: 博通股份: 29.994999999999997
SH603228: 景旺电子: 9.280899999999999
SH603186: 华正新材: 8.137599999999999
SZ000997: 新大陆: 14.4073
SH603089: 正裕工业: 11.5461
SZ002641: 永高股份: 12.9387
